Analysis & Synthesis report for Hello_World_VHDL
Mon Mar 08 15:45:55 2021
Quartus Prime Version 18.1.0 Build 625 09/12/2018 SJ Lite Edition


---------------------
; Table of Contents ;
---------------------
  1. Legal Notice
  2. Analysis & Synthesis Summary
  3. Analysis & Synthesis Settings
  4. Parallel Compilation
  5. Analysis & Synthesis Source Files Read
  6. Analysis & Synthesis Resource Usage Summary
  7. Analysis & Synthesis Resource Utilization by Entity
  8. State Machine - |Hello_World_VHDL|\HW_Send:State
  9. Registers Removed During Synthesis
 10. General Register Statistics
 11. Inverted Register Statistics
 12. Multiplexer Restructuring Statistics (Restructuring Performed)
 13. Parameter Settings for User Entity Instance: UART_Interface:UART_0
 14. Port Connectivity Checks: "UART_Interface:UART_0"
 15. Post-Synthesis Netlist Statistics for Top Partition
 16. Elapsed Time Per Partition
 17. Analysis & Synthesis Messages



----------------
; Legal Notice ;
----------------
Copyright (C) 2018  Intel Corporation. All rights reserved.
Your use of Intel Corporation's design tools, logic functions 
and other software and tools, and its AMPP partner logic 
functions, and any output files from any of the foregoing 
(including device programming or simulation files), and any 
associated documentation or information are expressly subject 
to the terms and conditions of the Intel Program License 
Subscription Agreement, the Intel Quartus Prime License Agreement,
the Intel FPGA IP License Agreement, or other applicable license
agreement, including, without limitation, that your use is for
the sole purpose of programming logic devices manufactured by
Intel and sold by Intel or its authorized distributors.  Please
refer to the applicable agreement for further details.



+----------------------------------------------------------------------------------+
; Analysis & Synthesis Summary                                                     ;
+------------------------------------+---------------------------------------------+
; Analysis & Synthesis Status        ; Successful - Mon Mar 08 15:45:55 2021       ;
; Quartus Prime Version              ; 18.1.0 Build 625 09/12/2018 SJ Lite Edition ;
; Revision Name                      ; Hello_World_VHDL                            ;
; Top-level Entity Name              ; Hello_World_VHDL                            ;
; Family                             ; MAX 10                                      ;
; Total logic elements               ; 82                                          ;
;     Total combinational functions  ; 80                                          ;
;     Dedicated logic registers      ; 67                                          ;
; Total registers                    ; 67                                          ;
; Total pins                         ; 2                                           ;
; Total virtual pins                 ; 0                                           ;
; Total memory bits                  ; 0                                           ;
; Embedded Multiplier 9-bit elements ; 0                                           ;
; Total PLLs                         ; 0                                           ;
; UFM blocks                         ; 0                                           ;
; ADC blocks                         ; 0                                           ;
+------------------------------------+---------------------------------------------+


+------------------------------------------------------------------------------------------------------------+
; Analysis & Synthesis Settings                                                                              ;
+------------------------------------------------------------------+--------------------+--------------------+
; Option                                                           ; Setting            ; Default Value      ;
+------------------------------------------------------------------+--------------------+--------------------+
; Device                                                           ; 10M08SAU169C8G     ;                    ;
; Top-level entity name                                            ; Hello_World_VHDL   ; Hello_World_VHDL   ;
; Family name                                                      ; MAX 10             ; Cyclone V          ;
; Maximum processors allowed for parallel compilation              ; 8                  ;                    ;
; Use smart compilation                                            ; Off                ; Off                ;
; Enable parallel Assembler and Timing Analyzer during compilation ; On                 ; On                 ;
; Enable compact report table                                      ; Off                ; Off                ;
; Restructure Multiplexers                                         ; Auto               ; Auto               ;
; Create Debugging Nodes for IP Cores                              ; Off                ; Off                ;
; Preserve fewer node names                                        ; On                 ; On                 ;
; Intel FPGA IP Evaluation Mode                                    ; Enable             ; Enable             ;
; Verilog Version                                                  ; Verilog_2001       ; Verilog_2001       ;
; VHDL Version                                                     ; VHDL_1993          ; VHDL_1993          ;
; State Machine Processing                                         ; Auto               ; Auto               ;
; Safe State Machine                                               ; Off                ; Off                ;
; Extract Verilog State Machines                                   ; On                 ; On                 ;
; Extract VHDL State Machines                                      ; On                 ; On                 ;
; Ignore Verilog initial constructs                                ; Off                ; Off                ;
; Iteration limit for constant Verilog loops                       ; 5000               ; 5000               ;
; Iteration limit for non-constant Verilog loops                   ; 250                ; 250                ;
; Add Pass-Through Logic to Inferred RAMs                          ; On                 ; On                 ;
; Infer RAMs from Raw Logic                                        ; On                 ; On                 ;
; Parallel Synthesis                                               ; On                 ; On                 ;
; DSP Block Balancing                                              ; Auto               ; Auto               ;
; NOT Gate Push-Back                                               ; On                 ; On                 ;
; Power-Up Don't Care                                              ; On                 ; On                 ;
; Remove Redundant Logic Cells                                     ; Off                ; Off                ;
; Remove Duplicate Registers                                       ; On                 ; On                 ;
; Ignore CARRY Buffers                                             ; Off                ; Off                ;
; Ignore CASCADE Buffers                                           ; Off                ; Off                ;
; Ignore GLOBAL Buffers                                            ; Off                ; Off                ;
; Ignore ROW GLOBAL Buffers                                        ; Off                ; Off                ;
; Ignore LCELL Buffers                                             ; Off                ; Off                ;
; Ignore SOFT Buffers                                              ; On                 ; On                 ;
; Limit AHDL Integers to 32 Bits                                   ; Off                ; Off                ;
; Optimization Technique                                           ; Balanced           ; Balanced           ;
; Carry Chain Length                                               ; 70                 ; 70                 ;
; Auto Carry Chains                                                ; On                 ; On                 ;
; Auto Open-Drain Pins                                             ; On                 ; On                 ;
; Perform WYSIWYG Primitive Resynthesis                            ; Off                ; Off                ;
; Auto ROM Replacement                                             ; On                 ; On                 ;
; Auto RAM Replacement                                             ; On                 ; On                 ;
; Auto DSP Block Replacement                                       ; On                 ; On                 ;
; Auto Shift Register Replacement                                  ; Auto               ; Auto               ;
; Allow Shift Register Merging across Hierarchies                  ; Auto               ; Auto               ;
; Auto Clock Enable Replacement                                    ; On                 ; On                 ;
; Strict RAM Replacement                                           ; Off                ; Off                ;
; Allow Synchronous Control Signals                                ; On                 ; On                 ;
; Force Use of Synchronous Clear Signals                           ; Off                ; Off                ;
; Auto RAM Block Balancing                                         ; On                 ; On                 ;
; Auto RAM to Logic Cell Conversion                                ; Off                ; Off                ;
; Auto Resource Sharing                                            ; Off                ; Off                ;
; Allow Any RAM Size For Recognition                               ; Off                ; Off                ;
; Allow Any ROM Size For Recognition                               ; Off                ; Off                ;
; Allow Any Shift Register Size For Recognition                    ; Off                ; Off                ;
; Use LogicLock Constraints during Resource Balancing              ; On                 ; On                 ;
; Ignore translate_off and synthesis_off directives                ; Off                ; Off                ;
; Timing-Driven Synthesis                                          ; On                 ; On                 ;
; Report Parameter Settings                                        ; On                 ; On                 ;
; Report Source Assignments                                        ; On                 ; On                 ;
; Report Connectivity Checks                                       ; On                 ; On                 ;
; Ignore Maximum Fan-Out Assignments                               ; Off                ; Off                ;
; Synchronization Register Chain Length                            ; 2                  ; 2                  ;
; Power Optimization During Synthesis                              ; Normal compilation ; Normal compilation ;
; HDL message level                                                ; Level2             ; Level2             ;
; Suppress Register Optimization Related Messages                  ; Off                ; Off                ;
; Number of Removed Registers Reported in Synthesis Report         ; 5000               ; 5000               ;
; Number of Swept Nodes Reported in Synthesis Report               ; 5000               ; 5000               ;
; Number of Inverted Registers Reported in Synthesis Report        ; 100                ; 100                ;
; Clock MUX Protection                                             ; On                 ; On                 ;
; Auto Gated Clock Conversion                                      ; Off                ; Off                ;
; Block Design Naming                                              ; Auto               ; Auto               ;
; SDC constraint protection                                        ; Off                ; Off                ;
; Synthesis Effort                                                 ; Auto               ; Auto               ;
; Shift Register Replacement - Allow Asynchronous Clear Signal     ; On                 ; On                 ;
; Pre-Mapping Resynthesis Optimization                             ; Off                ; Off                ;
; Analysis & Synthesis Message Level                               ; Medium             ; Medium             ;
; Disable Register Merging Across Hierarchies                      ; Auto               ; Auto               ;
; Resource Aware Inference For Block RAM                           ; On                 ; On                 ;
+------------------------------------------------------------------+--------------------+--------------------+


+------------------------------------------+
; Parallel Compilation                     ;
+----------------------------+-------------+
; Processors                 ; Number      ;
+----------------------------+-------------+
; Number detected on machine ; 8           ;
; Maximum allowed            ; 8           ;
;                            ;             ;
; Average used               ; 1.00        ;
; Maximum used               ; 8           ;
;                            ;             ;
; Usage by Processor         ; % Time Used ;
;     Processor 1            ; 100.0%      ;
;     Processors 2-8         ;   0.0%      ;
+----------------------------+-------------+


+--------------------------------------------------------------------------------------------------------------------------------------------------------------------------+
; Analysis & Synthesis Source Files Read                                                                                                                                   ;
+----------------------------------+-----------------+-----------------+-----------------------------------------------------------------------------------------+---------+
; File Name with User-Entered Path ; Used in Netlist ; File Type       ; File Name with Absolute Path                                                            ; Library ;
+----------------------------------+-----------------+-----------------+-----------------------------------------------------------------------------------------+---------+
; Generated/UART_Interface.vhd     ; yes             ; User VHDL File  ; C:/Users/LeonB/Documents/VHDPlus/Projects/Hello_World_VHDL/Generated/UART_Interface.vhd ;         ;
; Hello_World_VHDL.vhd             ; yes             ; User VHDL File  ; C:/Users/LeonB/Documents/VHDPlus/Projects/Hello_World_VHDL/Hello_World_VHDL.vhd         ;         ;
+----------------------------------+-----------------+-----------------+-----------------------------------------------------------------------------------------+---------+


+---------------------------------------------------------+
; Analysis & Synthesis Resource Usage Summary             ;
+---------------------------------------------+-----------+
; Resource                                    ; Usage     ;
+---------------------------------------------+-----------+
; Estimated Total logic elements              ; 82        ;
;                                             ;           ;
; Total combinational functions               ; 80        ;
; Logic element usage by number of LUT inputs ;           ;
;     -- 4 input functions                    ; 22        ;
;     -- 3 input functions                    ; 18        ;
;     -- <=2 input functions                  ; 40        ;
;                                             ;           ;
; Logic elements by mode                      ;           ;
;     -- normal mode                          ; 48        ;
;     -- arithmetic mode                      ; 32        ;
;                                             ;           ;
; Total registers                             ; 67        ;
;     -- Dedicated logic registers            ; 67        ;
;     -- I/O registers                        ; 0         ;
;                                             ;           ;
; I/O pins                                    ; 2         ;
;                                             ;           ;
; Embedded Multiplier 9-bit elements          ; 0         ;
;                                             ;           ;
; Maximum fan-out node                        ; CLK~input ;
; Maximum fan-out                             ; 67        ;
; Total fan-out                               ; 442       ;
; Average fan-out                             ; 2.93      ;
+---------------------------------------------+-----------+


+-------------------------------------------------------------------------------------------------------------------------------------------------------------------------------------------------------------------------------------------------------------+
; Analysis & Synthesis Resource Utilization by Entity                                                                                                                                                                                                         ;
+----------------------------+---------------------+---------------------------+-------------+------------+--------------+---------+-----------+------+--------------+------------+-----------------------------------------+------------------+--------------+
; Compilation Hierarchy Node ; Combinational ALUTs ; Dedicated Logic Registers ; Memory Bits ; UFM Blocks ; DSP Elements ; DSP 9x9 ; DSP 18x18 ; Pins ; Virtual Pins ; ADC blocks ; Full Hierarchy Name                     ; Entity Name      ; Library Name ;
+----------------------------+---------------------+---------------------------+-------------+------------+--------------+---------+-----------+------+--------------+------------+-----------------------------------------+------------------+--------------+
; |Hello_World_VHDL          ; 80 (49)             ; 67 (39)                   ; 0           ; 0          ; 0            ; 0       ; 0         ; 2    ; 0            ; 0          ; |Hello_World_VHDL                       ; Hello_World_VHDL ; work         ;
;    |UART_Interface:UART_0| ; 31 (31)             ; 28 (28)                   ; 0           ; 0          ; 0            ; 0       ; 0         ; 0    ; 0            ; 0          ; |Hello_World_VHDL|UART_Interface:UART_0 ; UART_Interface   ; work         ;
+----------------------------+---------------------+---------------------------+-------------+------------+--------------+---------+-----------+------+--------------+------------+-----------------------------------------+------------------+--------------+
Note: For table entries with two numbers listed, the numbers in parentheses indicate the number of resources of the given type used by the specific entity alone. The numbers listed outside of parentheses indicate the total resources of the given type used by the specific entity and all of its sub-entities in the hierarchy.


Encoding Type:  One-Hot
+------------------------------------------------------------------------------------------------------+
; State Machine - |Hello_World_VHDL|\HW_Send:State                                                     ;
+----------------------------+----------------------+---------------------+----------------------------+
; Name                       ; \HW_Send:State.Delay ; \HW_Send:State.Send ; \HW_Send:State.Char_Select ;
+----------------------------+----------------------+---------------------+----------------------------+
; \HW_Send:State.Char_Select ; 0                    ; 0                   ; 0                          ;
; \HW_Send:State.Send        ; 0                    ; 1                   ; 1                          ;
; \HW_Send:State.Delay       ; 1                    ; 0                   ; 1                          ;
+----------------------------+----------------------+---------------------+----------------------------+


+--------------------------------------------------------------------------------+
; Registers Removed During Synthesis                                             ;
+---------------------------------------+----------------------------------------+
; Register name                         ; Reason for Removal                     ;
+---------------------------------------+----------------------------------------+
; UART_TX_Data[7]                       ; Stuck at GND due to stuck port data_in ;
; Total Number of Removed Registers = 1 ;                                        ;
+---------------------------------------+----------------------------------------+


+------------------------------------------------------+
; General Register Statistics                          ;
+----------------------------------------------+-------+
; Statistic                                    ; Value ;
+----------------------------------------------+-------+
; Total registers                              ; 67    ;
; Number of registers using Synchronous Clear  ; 34    ;
; Number of registers using Synchronous Load   ; 1     ;
; Number of registers using Asynchronous Clear ; 0     ;
; Number of registers using Asynchronous Load  ; 0     ;
; Number of registers using Clock Enable       ; 50    ;
; Number of registers using Preset             ; 0     ;
+----------------------------------------------+-------+


+---------------------------------------------------+
; Inverted Register Statistics                      ;
+-----------------------------------------+---------+
; Inverted Register                       ; Fan out ;
+-----------------------------------------+---------+
; UART_Interface:UART_0|TX                ; 1       ;
; UART_Interface:UART_0|tx_buffer[0]      ; 1       ;
; UART_Interface:UART_0|tx_buffer[1]      ; 1       ;
; UART_Interface:UART_0|tx_buffer[2]      ; 1       ;
; UART_Interface:UART_0|tx_buffer[3]      ; 1       ;
; \HW_Send:charCounter[2]                 ; 12      ;
; \HW_Send:charCounter[3]                 ; 12      ;
; \HW_Send:charCounter[0]                 ; 11      ;
; UART_Interface:UART_0|tx_buffer[4]      ; 1       ;
; UART_Interface:UART_0|tx_buffer[5]      ; 1       ;
; UART_Interface:UART_0|tx_buffer[6]      ; 1       ;
; UART_Interface:UART_0|tx_buffer[7]      ; 1       ;
; UART_Interface:UART_0|tx_buffer[8]      ; 1       ;
; UART_Interface:UART_0|tx_buffer[9]      ; 1       ;
; Total number of inverted registers = 14 ;         ;
+-----------------------------------------+---------+


+-------------------------------------------------------------------------------------------------------------------------------------------------------------------------------------+
; Multiplexer Restructuring Statistics (Restructuring Performed)                                                                                                                      ;
+--------------------+-----------+---------------+----------------------+------------------------+------------+-----------------------------------------------------------------------+
; Multiplexer Inputs ; Bus Width ; Baseline Area ; Area if Restructured ; Saving if Restructured ; Registered ; Example Multiplexer Output                                            ;
+--------------------+-----------+---------------+----------------------+------------------------+------------+-----------------------------------------------------------------------+
; 3:1                ; 4 bits    ; 8 LEs         ; 4 LEs                ; 4 LEs                  ; Yes        ; |Hello_World_VHDL|UART_Interface:UART_0|\TRANSMIT_PROCESS:tx_count[3] ;
; 3:1                ; 2 bits    ; 4 LEs         ; 2 LEs                ; 2 LEs                  ; Yes        ; |Hello_World_VHDL|UART_Interface:UART_0|tx_buffer[0]                  ;
; 3:1                ; 7 bits    ; 14 LEs        ; 7 LEs                ; 7 LEs                  ; Yes        ; |Hello_World_VHDL|UART_Interface:UART_0|tx_buffer[2]                  ;
; 6:1                ; 2 bits    ; 8 LEs         ; 4 LEs                ; 4 LEs                  ; No         ; |Hello_World_VHDL|Selector3                                           ;
+--------------------+-----------+---------------+----------------------+------------------------+------------+-----------------------------------------------------------------------+


+--------------------------------------------------------------------+
; Parameter Settings for User Entity Instance: UART_Interface:UART_0 ;
+----------------+----------+----------------------------------------+
; Parameter Name ; Value    ; Type                                   ;
+----------------+----------+----------------------------------------+
; clk_frequency  ; 12000000 ; Signed Integer                         ;
; baud_rate      ; 19200    ; Signed Integer                         ;
; os_rate        ; 16       ; Signed Integer                         ;
; d_width        ; 8        ; Signed Integer                         ;
; parity         ; 0        ; Signed Integer                         ;
; parity_eo      ; '0'      ; Enumerated                             ;
+----------------+----------+----------------------------------------+
Note: In order to hide this table in the UI and the text report file, please set the "Show Parameter Settings in Synthesis Report" option in "Analysis and Synthesis Settings -> More Settings" to "Off".


+--------------------------------------------------------------------------------------------------------------------+
; Port Connectivity Checks: "UART_Interface:UART_0"                                                                  ;
+----------+--------+----------+-------------------------------------------------------------------------------------+
; Port     ; Type   ; Severity ; Details                                                                             ;
+----------+--------+----------+-------------------------------------------------------------------------------------+
; reset    ; Input  ; Info     ; Stuck at GND                                                                        ;
; rx       ; Input  ; Info     ; Stuck at VCC                                                                        ;
; rx_busy  ; Output ; Info     ; Connected to dangling logic. Logic that only feeds a dangling port will be removed. ;
; rx_data  ; Output ; Info     ; Connected to dangling logic. Logic that only feeds a dangling port will be removed. ;
; rx_error ; Output ; Info     ; Connected to dangling logic. Logic that only feeds a dangling port will be removed. ;
+----------+--------+----------+-------------------------------------------------------------------------------------+


+-----------------------------------------------------+
; Post-Synthesis Netlist Statistics for Top Partition ;
+-----------------------+-----------------------------+
; Type                  ; Count                       ;
+-----------------------+-----------------------------+
; boundary_port         ; 2                           ;
; cycloneiii_ff         ; 67                          ;
;     ENA               ; 26                          ;
;     ENA SCLR          ; 24                          ;
;     SCLR              ; 10                          ;
;     SLD               ; 1                           ;
;     plain             ; 6                           ;
; cycloneiii_lcell_comb ; 81                          ;
;     arith             ; 32                          ;
;         2 data inputs ; 32                          ;
;     normal            ; 49                          ;
;         1 data inputs ; 4                           ;
;         2 data inputs ; 5                           ;
;         3 data inputs ; 18                          ;
;         4 data inputs ; 22                          ;
;                       ;                             ;
; Max LUT depth         ; 4.00                        ;
; Average LUT depth     ; 2.15                        ;
+-----------------------+-----------------------------+


+-------------------------------+
; Elapsed Time Per Partition    ;
+----------------+--------------+
; Partition Name ; Elapsed Time ;
+----------------+--------------+
; Top            ; 00:00:00     ;
+----------------+--------------+


+-------------------------------+
; Analysis & Synthesis Messages ;
+-------------------------------+
Info: *******************************************************************
Info: Running Quartus Prime Analysis & Synthesis
    Info: Version 18.1.0 Build 625 09/12/2018 SJ Lite Edition
    Info: Processing started: Mon Mar 08 15:45:37 2021
Info: Command: quartus_map --read_settings_files=on --write_settings_files=off Hello_World_VHDL -c Hello_World_VHDL
Info (20032): Parallel compilation is enabled and will use up to 8 processors
Warning (20031): Parallel compilation is enabled for 8 processors, but there are only 4 processors in the system. Runtime may increase due to over usage of the processor space.
Info (12021): Found 2 design units, including 1 entities, in source file generated/uart_interface.vhd
    Info (12022): Found design unit 1: UART_Interface-BEHAVIORAL File: C:/Users/LeonB/Documents/VHDPlus/Projects/Hello_World_VHDL/Generated/UART_Interface.vhd Line: 32
    Info (12023): Found entity 1: UART_Interface File: C:/Users/LeonB/Documents/VHDPlus/Projects/Hello_World_VHDL/Generated/UART_Interface.vhd Line: 7
Info (12021): Found 2 design units, including 1 entities, in source file hello_world_vhdl.vhd
    Info (12022): Found design unit 1: Hello_World_VHDL-rtl File: C:/Users/LeonB/Documents/VHDPlus/Projects/Hello_World_VHDL/Hello_World_VHDL.vhd Line: 12
    Info (12023): Found entity 1: Hello_World_VHDL File: C:/Users/LeonB/Documents/VHDPlus/Projects/Hello_World_VHDL/Hello_World_VHDL.vhd Line: 5
Info (12127): Elaborating entity "Hello_World_VHDL" for the top level hierarchy
Warning (10540): VHDL Signal Declaration warning at Hello_World_VHDL.vhd(13): used explicit default value for signal "MyString" because signal was never assigned a value File: C:/Users/LeonB/Documents/VHDPlus/Projects/Hello_World_VHDL/Hello_World_VHDL.vhd Line: 13
Info (12128): Elaborating entity "UART_Interface" for hierarchy "UART_Interface:UART_0" File: C:/Users/LeonB/Documents/VHDPlus/Projects/Hello_World_VHDL/Hello_World_VHDL.vhd Line: 83
Info (286030): Timing-Driven Synthesis is running
Info (16010): Generating hard_block partition "hard_block:auto_generated_inst"
    Info (16011): Adding 0 node(s), including 0 DDIO, 0 PLL, 0 transceiver and 0 LCELL
Info (21057): Implemented 85 device resources after synthesis - the final resource count might be different
    Info (21058): Implemented 1 input pins
    Info (21059): Implemented 1 output pins
    Info (21061): Implemented 83 logic cells
Info: Quartus Prime Analysis & Synthesis was successful. 0 errors, 2 warnings
    Info: Peak virtual memory: 4820 megabytes
    Info: Processing ended: Mon Mar 08 15:45:55 2021
    Info: Elapsed time: 00:00:18
    Info: Total CPU time (on all processors): 00:00:41


